<?xml version="1.0" encoding="UTF-8"?>
<testsuite name="com.example.CalculatorTest" tests="4" skipped="0" failures="0" errors="0" timestamp="2025-09-08T03:57:02" hostname="LAPTOP-IT86U8DN" time="0.009">
  <properties/>
  <testcase name="testCalculatorMultiplication" classname="com.example.CalculatorTest" time="0.005"/>
  <testcase name="testCalculatorSubtraction" classname="com.example.CalculatorTest" time="0.001"/>
  <testcase name="testCalculatorAddition" classname="com.example.CalculatorTest" time="0.001"/>
  <testcase name="testCalculatorDivision" classname="com.example.CalculatorTest" time="0.001"/>
  <system-out><![CDATA[]]></system-out>
  <system-err><![CDATA[]]></system-err>
</testsuite>
